<?xml version="1.0" encoding="UTF-8"?>
<testng-results ignored="0" total="2" passed="2" failed="0" skipped="0">
  <reporter-output>
  </reporter-output>
  <suite started-at="2025-01-18T15:22:16 AEDT" name="Master" finished-at="2025-01-18T15:22:25 AEDT" duration-ms="8629">
    <groups>
      <group name="Sanity">
        <method signature="TC001_AccountRegistrationTest.accountRegitrationTest()[pri:0, instance:testCases.TC001_AccountRegistrationTest@49964d75]" name="accountRegitrationTest" class="testCases.TC001_AccountRegistrationTest"/>
      </group> <!-- Sanity -->
      <group name="Regression">
        <method signature="TC002_LoginTest.LoginTest()[pri:0, instance:testCases.TC002_LoginTest@31c7528f]" name="LoginTest" class="testCases.TC002_LoginTest"/>
      </group> <!-- Regression -->
      <group name=" Regression">
        <method signature="TC001_AccountRegistrationTest.accountRegitrationTest()[pri:0, instance:testCases.TC001_AccountRegistrationTest@49964d75]" name="accountRegitrationTest" class="testCases.TC001_AccountRegistrationTest"/>
      </group> <!--  Regression -->
    </groups>
    <test started-at="2025-01-18T15:22:16 AEDT" name="Test" finished-at="2025-01-18T15:22:25 AEDT" duration-ms="8629">
      <class name="testCases.TC002_LoginTest">
        <test-method is-config="true" signature="setup(java.lang.String,java.lang.String)[pri:0, instance:testCases.TC002_LoginTest@31c7528f]" started-at="2025-01-18T15:22:22 AEDT" name="setup" finished-at="2025-01-18T15:22:24 AEDT" duration-ms="1909" status="PASS">
          <params>
            <param index="0">
              <value>
                <![CDATA[Mac]]>
              </value>
            </param>
            <param index="1">
              <value>
                <![CDATA[chrome]]>
              </value>
            </param>
          </params>
          <reporter-output>
          </reporter-output>
        </test-method> <!-- setup -->
        <test-method signature="LoginTest()[pri:0, instance:testCases.TC002_LoginTest@31c7528f]" started-at="2025-01-18T15:22:24 AEDT" name="LoginTest" finished-at="2025-01-18T15:22:25 AEDT" duration-ms="988" status="PASS">
          <reporter-output>
          </reporter-output>
        </test-method> <!-- LoginTest -->
        <test-method is-config="true" signature="Close()[pri:0, instance:testCases.TC002_LoginTest@31c7528f]" started-at="2025-01-18T15:22:25 AEDT" name="Close" finished-at="2025-01-18T15:22:25 AEDT" duration-ms="111" status="PASS">
          <reporter-output>
          </reporter-output>
        </test-method> <!-- Close -->
      </class> <!-- testCases.TC002_LoginTest -->
      <class name="testCases.TC001_AccountRegistrationTest">
        <test-method is-config="true" signature="setup(java.lang.String,java.lang.String)[pri:0, instance:testCases.TC001_AccountRegistrationTest@49964d75]" started-at="2025-01-18T15:22:16 AEDT" name="setup" finished-at="2025-01-18T15:22:20 AEDT" duration-ms="4042" status="PASS">
          <params>
            <param index="0">
              <value>
                <![CDATA[Mac]]>
              </value>
            </param>
            <param index="1">
              <value>
                <![CDATA[chrome]]>
              </value>
            </param>
          </params>
          <reporter-output>
          </reporter-output>
        </test-method> <!-- setup -->
        <test-method signature="accountRegitrationTest()[pri:0, instance:testCases.TC001_AccountRegistrationTest@49964d75]" started-at="2025-01-18T15:22:20 AEDT" name="accountRegitrationTest" finished-at="2025-01-18T15:22:22 AEDT" duration-ms="1394" status="PASS">
          <reporter-output>
          </reporter-output>
        </test-method> <!-- accountRegitrationTest -->
        <test-method is-config="true" signature="Close()[pri:0, instance:testCases.TC001_AccountRegistrationTest@49964d75]" started-at="2025-01-18T15:22:22 AEDT" name="Close" finished-at="2025-01-18T15:22:22 AEDT" duration-ms="113" status="PASS">
          <reporter-output>
          </reporter-output>
        </test-method> <!-- Close -->
      </class> <!-- testCases.TC001_AccountRegistrationTest -->
    </test> <!-- Test -->
  </suite> <!-- Master -->
</testng-results>
