<?xml version="1.0" encoding="UTF-8"?>
<!-- Generated by org.testng.reporters.JUnitXMLReporter -->
<testsuite ignored="0" hostname="Krishnas-Laptop.local" failures="1" tests="2" name="Test" time="36.122" errors="0" timestamp="2025-01-10T03:00:05 AEDT">
  <testcase classname="testCases.TC001_AccountRegistrationTest" name="accountRegitrationTest" time="4.58"/>
  <testcase classname="testCases.TC002_LoginTest" name="LoginTest" time="12.339">
    <failure type="java.lang.AssertionError" message="Login failed expected [true] but found [false]">
      <![CDATA[java.lang.AssertionError: Login failed expected [true] but found [false]
at testCases.TC002_LoginTest.LoginTest(TC002_LoginTest.java:40)
at java.base/java.util.ArrayList.forEach(ArrayList.java:1597)
... Removed 31 stack frames]]>
    </failure>
  </testcase> <!-- LoginTest -->
</testsuite> <!-- Test -->
